<?xml version="1.0" encoding="UTF-8"?>
<!-- Generated by org.testng.reporters.JUnitXMLReporter -->
<testsuite hostname="DESKTOP-FCM1MHD" ignored="0" name="Default test" tests="4" failures="0" timestamp="2021-10-09T18:58:40 IST" time="0.095" errors="0">
  <testcase name="testMethod1" time="0.013" classname="Day3.TestNG_dataProvider2"/>
  <testcase name="testMethod2" time="0.001" classname="Day3.TestNG_dataProvider2"/>
  <testcase name="testMethod3" time="0.003" classname="Day3.TestNG_dataProvider2"/>
  <testcase name="testMethod3" time="0.004" classname="Day3.TestNG_dataProvider2"/>
</testsuite> <!-- Default test -->
