<?xml version="1.0" encoding="UTF-8"?>
<!-- Generated by org.testng.reporters.JUnitXMLReporter -->
<testsuite hostname="DESKTOP-FCM1MHD" ignored="0" name="Default test" tests="3" failures="0" timestamp="2021-10-27T18:45:44 IST" time="8.163" errors="0">
  <testcase name="TestCase01_getAccessToken" time="5.037" classname="restAssuredAssignment.Assignment"/>
  <testcase name="TestCase02_adminLogin" time="1.971" classname="restAssuredAssignment.Assignment"/>
  <testcase name="TestCase03_AddNewCustomer" time="1.083" classname="restAssuredAssignment.Assignment"/>
</testsuite> <!-- Default test -->
