<?xml version="1.0" encoding="UTF-8"?>
<!-- Generated by org.testng.reporters.JUnitXMLReporter -->
<testsuite hostname="DESKTOP-FCM1MHD" ignored="0" name="Testing" tests="3" failures="0" timestamp="2021-10-10T11:49:00 IST" time="0.102" errors="0">
  <testcase name="testMethod3" time="0.014" classname="Day3.TestNG_3"/>
  <testcase name="testMethod1" time="0.007" classname="Day3.TestNG_3"/>
  <testcase name="testMethod2" time="0.003" classname="Day3.TestNG_3"/>
</testsuite> <!-- Testing -->
