<?xml version="1.0" encoding="UTF-8"?>
<testng-results skipped="0" failed="0" ignored="0" total="3" passed="3">
  <reporter-output>
  </reporter-output>
  <suite name="SuiteTestNG" duration-ms="102" started-at="2021-10-10T11:49:00 IST" finished-at="2021-10-10T11:49:00 IST">
    <groups>
    </groups>
    <test name="Testing" duration-ms="102" started-at="2021-10-10T11:49:00 IST" finished-at="2021-10-10T11:49:00 IST">
      <class name="Day3.TestNG_3">
        <test-method status="PASS" signature="testMethod3(java.lang.String,java.lang.String)[pri:0, instance:Day3.TestNG_3@1dd02175]" name="testMethod3" duration-ms="14" started-at="2021-10-10T11:49:00 IST" finished-at="2021-10-10T11:49:00 IST">
          <params>
            <param index="0">
              <value>
                <![CDATA[Chrome]]>
              </value>
            </param>
            <param index="1">
              <value>
                <![CDATA[https://google.com]]>
              </value>
            </param>
          </params>
          <reporter-output>
          </reporter-output>
        </test-method> <!-- testMethod3 -->
        <test-method status="PASS" signature="testMethod1()[pri:0, instance:Day3.TestNG_3@1dd02175]" name="testMethod1" duration-ms="7" started-at="2021-10-10T11:49:00 IST" depends-on-methods="Day3.TestNG_3.testMethod3" finished-at="2021-10-10T11:49:00 IST">
          <reporter-output>
          </reporter-output>
        </test-method> <!-- testMethod1 -->
        <test-method status="PASS" signature="testMethod2()[pri:2, instance:Day3.TestNG_3@1dd02175]" name="testMethod2" duration-ms="3" started-at="2021-10-10T11:49:00 IST" finished-at="2021-10-10T11:49:00 IST">
          <reporter-output>
          </reporter-output>
        </test-method> <!-- testMethod2 -->
        <test-method status="PASS" signature="afterClass()[pri:0, instance:Day3.TestNG_3@1dd02175]" name="afterClass" is-config="true" duration-ms="1" started-at="2021-10-10T11:49:00 IST" finished-at="2021-10-10T11:49:00 IST">
          <reporter-output>
          </reporter-output>
        </test-method> <!-- afterClass -->
      </class> <!-- Day3.TestNG_3 -->
    </test> <!-- Testing -->
  </suite> <!-- SuiteTestNG -->
</testng-results>
