<?xml version="1.0" encoding="UTF-8"?>
<testng-results skipped="0" failed="0" ignored="0" total="3" passed="3">
  <reporter-output>
  </reporter-output>
  <suite name="Default suite" duration-ms="8163" started-at="2021-10-27T18:45:36 IST" finished-at="2021-10-27T18:45:44 IST">
    <groups>
    </groups>
    <test name="Default test" duration-ms="8163" started-at="2021-10-27T18:45:36 IST" finished-at="2021-10-27T18:45:44 IST">
      <class name="restAssuredAssignment.Assignment">
        <test-method status="PASS" signature="TestCase01_getAccessToken()[pri:0, instance:restAssuredAssignment.Assignment@255b53dc]" name="TestCase01_getAccessToken" duration-ms="5037" started-at="2021-10-27T18:45:36 IST" finished-at="2021-10-27T18:45:41 IST">
          <reporter-output>
          </reporter-output>
        </test-method> <!-- TestCase01_getAccessToken -->
        <test-method status="PASS" signature="TestCase02_adminLogin()[pri:0, instance:restAssuredAssignment.Assignment@255b53dc]" name="TestCase02_adminLogin" duration-ms="1971" started-at="2021-10-27T18:45:41 IST" finished-at="2021-10-27T18:45:43 IST">
          <reporter-output>
          </reporter-output>
        </test-method> <!-- TestCase02_adminLogin -->
        <test-method status="PASS" signature="TestCase03_AddNewCustomer()[pri:0, instance:restAssuredAssignment.Assignment@255b53dc]" name="TestCase03_AddNewCustomer" duration-ms="1083" started-at="2021-10-27T18:45:43 IST" finished-at="2021-10-27T18:45:44 IST">
          <reporter-output>
          </reporter-output>
        </test-method> <!-- TestCase03_AddNewCustomer -->
      </class> <!-- restAssuredAssignment.Assignment -->
    </test> <!-- Default test -->
  </suite> <!-- Default suite -->
</testng-results>
